#
# There is insufficient memory for the Java Runtime Environment to continue.
# Native memory allocation (malloc) failed to allocate 32744 bytes for ChunkPool::allocate
# Possible reasons:
#   The system is out of physical RAM or swap space
#   The process is running with CompressedOops enabled, and the Java Heap may be blocking the growth of the native heap
# Possible solutions:
#   Reduce memory load on the system
#   Increase physical memory or swap space
#   Check if swap backing store is full
#   Decrease Java heap size (-Xmx/-Xms)
#   Decrease number of Java threads
#   Decrease Java thread stack sizes (-Xss)
#   Set larger code cache with -XX:ReservedCodeCacheSize=
#   JVM is running with Unscaled Compressed Oops mode in which the Java heap is
#     placed in the first 4GB address space. The Java Heap base address is the
#     maximum limit for the native heap growth. Please use -XX:HeapBaseMinAddress
#     to set the Java Heap base and to place the Java Heap above 4GB virtual address.
# This output file may be truncated or incomplete.
#
#  Out of Memory Error (allocation.cpp:273), pid=7120, tid=0x000000000000159c
#
# JRE version: Java(TM) SE Runtime Environment (8.0_201-b09) (build 1.8.0_201-b09)
# Java VM: Java HotSpot(TM) 64-Bit Server VM (25.201-b09 mixed mode windows-amd64 compressed oops)
# Failed to write core dump. Minidumps are not enabled by default on client versions of Windows
#

---------------  T H R E A D  ---------------

Current thread (0x0000000017d2f000):  JavaThread "C1 CompilerThread2" daemon [_thread_in_vm, id=5532, stack(0x0000000019e40000,0x0000000019f40000)]

Stack: [0x0000000019e40000,0x0000000019f40000]
[error occurred during error reporting (printing stack bounds), id 0xc0000005]

Native frames: (J=compiled Java code, j=interpreted, Vv=VM code, C=native code)


---------------  P R O C E S S  ---------------

Java Threads: ( => current thread )
=>0x0000000017d2f000 JavaThread "C1 CompilerThread2" daemon [_thread_in_vm, id=5532, stack(0x0000000019e40000,0x0000000019f40000)]
  0x0000000017d2d000 JavaThread "C2 CompilerThread1" daemon [_thread_in_vm, id=5128, stack(0x0000000019d40000,0x0000000019e40000)]
  0x0000000017d29000 JavaThread "C2 CompilerThread0" daemon [_thread_in_vm, id=11256, stack(0x0000000019c40000,0x0000000019d40000)]
  0x0000000019383800 JavaThread "Monitor Ctrl-Break" daemon [_thread_in_vm, id=6520, stack(0x0000000019b40000,0x0000000019c40000)]
  0x0000000017ce7800 JavaThread "Attach Listener" daemon [_thread_blocked, id=8696, stack(0x0000000019240000,0x0000000019340000)]
  0x0000000017ce6000 JavaThread "Signal Dispatcher" daemon [_thread_blocked, id=5736, stack(0x0000000019140000,0x0000000019240000)]
  0x000000000317c000 JavaThread "Finalizer" daemon [_thread_blocked, id=10072, stack(0x0000000018f40000,0x0000000019040000)]
  0x0000000003173000 JavaThread "Reference Handler" daemon [_thread_blocked, id=8064, stack(0x0000000018e40000,0x0000000018f40000)]
  0x0000000003083800 JavaThread "main" [_thread_in_vm, id=6896, stack(0x0000000002d50000,0x0000000002e50000)]

Other Threads:
  0x0000000017ca7800 VMThread [stack: 0x0000000018d40000,0x0000000018e40000] [id=10560]

VM state:not at safepoint (normal execution)

VM Mutex/Monitor currently owned by a thread: None

heap address: 0x0000000081600000, size: 2026 MB, Compressed Oops mode: 32-bit
Narrow klass base: 0x0000000000000000, Narrow klass shift: 3
Compressed class space size: 1073741824 Address: 0x0000000100000000

Heap:
 PSYoungGen      total 38400K, used 2012K [0x00000000d5d00000, 0x00000000d8780000, 0x0000000100000000)
  eden space 33280K, 6% used [0x00000000d5d00000,0x00000000d5ef7358,0x00000000d7d80000)
  from space 5120K, 0% used [0x00000000d8280000,0x00000000d8280000,0x00000000d8780000)
  to   space 5120K, 0% used [0x00000000d7d80000,0x00000000d7d80000,0x00000000d8280000)
 ParOldGen       total 87552K, used 0K [0x0000000081600000, 0x0000000086b80000, 0x00000000d5d00000)
  object space 87552K, 0% used [0x0000000081600000,0x0000000081600000,0x0000000086b80000)
 Metaspace       used 2675K, capacity 4494K, committed 4864K, reserved 1056768K
  class space    used 295K, capacity 386K, committed 512K, reserved 1048576K

Card table byte_map: [0x0000000012540000,0x0000000012940000] byte_map_base: 0x0000000012135000

Marking Bits: (ParMarkBitMap*) 0x00000000515f4ce0
 Begin Bits: [0x0000000012ff0000, 0x0000000014f98000)
 End Bits:   [0x0000000014f98000, 0x0000000016f40000)

Polling page: 0x0000000001060000

CodeCache: size=245760Kb used=443Kb max_used=443Kb free=245316Kb
 bounds [0x0000000003180000, 0x00000000033f0000, 0x0000000012180000]
 total_blobs=176 nmethods=1 adapters=140
 compilation: enabled

Compilation events (0 events):
No events

GC Heap History (0 events):
No events

Deoptimization events (0 events):
No events

Classes redefined (0 events):
No events

Internal exceptions (2 events):
Event: 0.063 Thread 0x0000000003083800 Exception <a 'java/lang/NoSuchMethodError': Method sun.misc.Unsafe.defineClass(Ljava/lang/String;[BII)Ljava/lang/Class; name or signature does not match> (0x00000000d5d07cb0) thrown at [C:\re\workspace\8-2-build-windows-amd64-cygwin\jdk8u201\12322\hotspot
Event: 0.063 Thread 0x0000000003083800 Exception <a 'java/lang/NoSuchMethodError': Method sun.misc.Unsafe.prefetchRead(Ljava/lang/Object;J)V name or signature does not match> (0x00000000d5d07f98) thrown at [C:\re\workspace\8-2-build-windows-amd64-cygwin\jdk8u201\12322\hotspot\src\share\vm\prim

Events (10 events):
Event: 0.172 loading class java/net/SocketAddress done
Event: 0.172 loading class java/net/InetSocketAddress done
Event: 0.172 loading class java/net/InetAddress
Event: 0.173 loading class java/net/InetAddress done
Event: 0.173 loading class java/net/InetSocketAddress$InetSocketAddressHolder
Event: 0.173 loading class java/net/InetSocketAddress$InetSocketAddressHolder done
Event: 0.173 loading class sun/security/action/GetBooleanAction
Event: 0.173 loading class sun/security/action/GetBooleanAction done
Event: 0.173 loading class java/net/InetAddress$1
Event: 0.173 loading class java/net/InetAddress$1 done


Dynamic libraries:
0x00007ff6d8f80000 - 0x00007ff6d8fb7000 	C:\Program Files\Java\jdk1.8.0_201\bin\java.exe
0x00007ff9129f0000 - 0x00007ff912bdd000 	C:\WINDOWS\SYSTEM32\ntdll.dll
0x00007ff912390000 - 0x00007ff912443000 	C:\WINDOWS\System32\KERNEL32.DLL
0x00007ff90ec60000 - 0x00007ff90eef3000 	C:\WINDOWS\System32\KERNELBASE.dll
0x00007ff9125f0000 - 0x00007ff912693000 	C:\WINDOWS\System32\ADVAPI32.dll
0x00007ff90fe80000 - 0x00007ff90ff1e000 	C:\WINDOWS\System32\msvcrt.dll
0x00007ff90ff20000 - 0x00007ff90ffbe000 	C:\WINDOWS\System32\sechost.dll
0x00007ff910520000 - 0x00007ff910642000 	C:\WINDOWS\System32\RPCRT4.dll
0x00007ff90fcb0000 - 0x00007ff90fe47000 	C:\WINDOWS\System32\USER32.dll
0x00007ff90ef80000 - 0x00007ff90efa0000 	C:\WINDOWS\System32\win32u.dll
0x00007ff90fe50000 - 0x00007ff90fe79000 	C:\WINDOWS\System32\GDI32.dll
0x00007ff90f2f0000 - 0x00007ff90f489000 	C:\WINDOWS\System32\gdi32full.dll
0x00007ff90ebc0000 - 0x00007ff90ec60000 	C:\WINDOWS\System32\msvcp_win.dll
0x00007ff90efa0000 - 0x00007ff90f09a000 	C:\WINDOWS\System32\ucrtbase.dll
0x00007ff8ffd50000 - 0x00007ff8fffc9000 	C:\WINDOWS\WinSxS\amd64_microsoft.windows.common-controls_6595b64144ccf1df_6.0.17763.737_none_05b6437c071e554b\COMCTL32.dll
0x00007ff9101f0000 - 0x00007ff91051c000 	C:\WINDOWS\System32\combase.dll
0x00007ff90ef00000 - 0x00007ff90ef7e000 	C:\WINDOWS\System32\bcryptPrimitives.dll
0x00007ff9127d0000 - 0x00007ff9127fe000 	C:\WINDOWS\System32\IMM32.DLL
0x0000000051680000 - 0x0000000051751000 	C:\Program Files\Java\jdk1.8.0_201\jre\bin\msvcr100.dll
0x0000000050dd0000 - 0x0000000051674000 	C:\Program Files\Java\jdk1.8.0_201\jre\bin\server\jvm.dll
0x00007ff9129b0000 - 0x00007ff9129b8000 	C:\WINDOWS\System32\PSAPI.DLL
0x00007ff8fffd0000 - 0x00007ff8fffda000 	C:\WINDOWS\SYSTEM32\VERSION.dll
0x00007ff90b780000 - 0x00007ff90b7a4000 	C:\WINDOWS\SYSTEM32\WINMM.dll
0x00007ff90a110000 - 0x00007ff90a119000 	C:\WINDOWS\SYSTEM32\WSOCK32.dll
0x00007ff912580000 - 0x00007ff9125ed000 	C:\WINDOWS\System32\ws2_32.DLL
0x00007ff90b750000 - 0x00007ff90b77d000 	C:\WINDOWS\SYSTEM32\WINMMBASE.dll
0x00007ff90f280000 - 0x00007ff90f2ca000 	C:\WINDOWS\System32\cfgmgr32.dll
0x00007ff90b840000 - 0x00007ff90b84f000 	C:\Program Files\Java\jdk1.8.0_201\jre\bin\verify.dll
0x00007ff90b810000 - 0x00007ff90b839000 	C:\Program Files\Java\jdk1.8.0_201\jre\bin\java.dll
0x00007ff9088c0000 - 0x00007ff9088e3000 	C:\Program Files\Java\jdk1.8.0_201\jre\bin\instrument.dll
0x00007ff90b7d0000 - 0x00007ff90b7e6000 	C:\Program Files\Java\jdk1.8.0_201\jre\bin\zip.dll
0x00007ff9108b0000 - 0x00007ff911da2000 	C:\WINDOWS\System32\SHELL32.dll
0x00007ff910090000 - 0x00007ff910138000 	C:\WINDOWS\System32\shcore.dll
0x00007ff90f490000 - 0x00007ff90fbda000 	C:\WINDOWS\System32\windows.storage.dll
0x00007ff90ea20000 - 0x00007ff90ea44000 	C:\WINDOWS\System32\profapi.dll
0x00007ff90ea50000 - 0x00007ff90eaad000 	C:\WINDOWS\System32\powrprof.dll
0x00007ff910840000 - 0x00007ff910892000 	C:\WINDOWS\System32\shlwapi.dll
0x00007ff90ea00000 - 0x00007ff90ea11000 	C:\WINDOWS\System32\kernel.appcore.dll
0x00007ff90f2d0000 - 0x00007ff90f2e7000 	C:\WINDOWS\System32\cryptsp.dll
0x00007ff908030000 - 0x00007ff90804a000 	C:\Program Files\JetBrains\IntelliJ IDEA 2019.1.3\bin\breakgen64.dll

VM Arguments:
jvm_args: -javaagent:C:\Program Files\JetBrains\IntelliJ IDEA 2019.1.3\lib\idea_rt.jar=50376:C:\Program Files\JetBrains\IntelliJ IDEA 2019.1.3\bin -Dfile.encoding=UTF-8 
java_command: main.Main
java_class_path (initial): C:\Program Files\Java\jdk1.8.0_201\jre\lib\charsets.jar;C:\Program Files\Java\jdk1.8.0_201\jre\lib\deploy.jar;C:\Program Files\Java\jdk1.8.0_201\jre\lib\ext\access-bridge-64.jar;C:\Program Files\Java\jdk1.8.0_201\jre\lib\ext\cldrdata.jar;C:\Program Files\Java\jdk1.8.0_201\jre\lib\ext\dnsns.jar;C:\Program Files\Java\jdk1.8.0_201\jre\lib\ext\jaccess.jar;C:\Program Files\Java\jdk1.8.0_201\jre\lib\ext\jfxrt.jar;C:\Program Files\Java\jdk1.8.0_201\jre\lib\ext\localedata.jar;C:\Program Files\Java\jdk1.8.0_201\jre\lib\ext\nashorn.jar;C:\Program Files\Java\jdk1.8.0_201\jre\lib\ext\sunec.jar;C:\Program Files\Java\jdk1.8.0_201\jre\lib\ext\sunjce_provider.jar;C:\Program Files\Java\jdk1.8.0_201\jre\lib\ext\sunmscapi.jar;C:\Program Files\Java\jdk1.8.0_201\jre\lib\ext\sunpkcs11.jar;C:\Program Files\Java\jdk1.8.0_201\jre\lib\ext\zipfs.jar;C:\Program Files\Java\jdk1.8.0_201\jre\lib\javaws.jar;C:\Program Files\Java\jdk1.8.0_201\jre\lib\jce.jar;C:\Program Files\Java\jdk1.8.0_201\jre\lib\jfr.jar;C:\Program Files\Java\jdk1.8.0_201\jre\lib\jfxswt.jar;C:\Program Files\Java\jdk1.8.0_201\jre\lib\jsse.jar;C:\Program Files\Java\jdk1.8.0_201\jre\lib\management-agent.jar;C:\Program Files\Java\jdk1.8.0_201\jre\lib\plugin.jar;C:\Program Files\Java\jdk1.8.0_201\jre\lib\resources.jar;C:\Program Files\Java\jdk1.8.0_201\jre\lib\rt.jar;D:\Projects_all\laptrinhmang\chuong2bt1\out\production\chuong2bt1;C:\Program Files\JetBrains\IntelliJ IDEA 2019.1.3\lib\idea_rt.jar
Launcher Type: SUN_STANDARD

Environment Variables:
JAVA_HOME=C:\Program Files\Java\jdk1.8.0_201
PATH="C:\Program Files (x86)\Common Files\Oracle\Java\javapath;D:\software_study\java\apache-maven-3.6.1-bin\apache-maven-3.6.1\bin;C:\Program Files\Java\jdk1.8.0_201\bin";"C:\Program Files\Java\jdk1.8.0_201\bin;C:\Program Files (x86)\Common Files\Oracle\Java\javapath;D:\software_study\java\apache-maven-3.6.1-bin\apache-maven-3.6.1\bin;C:\Program Files\Java\jdk1.8.0_201\bin";C:\WINDOWS\system32;C:\WINDOWS;C:\WINDOWS\System32\Wbem;C:\WINDOWS\System32\WindowsPowerShell\v1.0\;C:\WINDOWS\System32\OpenSSH\;C:\Program Files (x86)\NVIDIA Corporation\PhysX\Common;C:\Program Files\Git\cmd;C:\Program Files\NVIDIA Corporation\NVIDIA NvDLISR;C:\WINDOWS\system32;C:\WINDOWS;C:\WINDOWS\System32\Wbem;C:\WINDOWS\System32\WindowsPowerShell\v1.0\;C:\WINDOWS\System32\OpenSSH\;C:\Program Files\Java\jdk1.8.0_201\bin;C:\xampp\php;C:\ProgramData\ComposerSetup\bin;C:\flutter\flutter\bin;C:\Users\MaiTuanAnhLapTop\AppData\Local\Microsoft\WindowsApps;%DASHLANE_DLL_DIR%;C:\Users\MaiTuanAnhLapTop\AppData\Roaming\Composer\vendor\bin;%IntelliJ IDEA Community Edition%;C:\flutter\flutter\bin;
USERNAME=MaiTuanAnhLapTop
OS=Windows_NT
PROCESSOR_IDENTIFIER=Intel64 Family 6 Model 61 Stepping 4, GenuineIntel



---------------  S Y S T E M  ---------------

OS: Windows 10.0 , 64 bit Build 17763 (10.0.17763.475)

CPU:total 4 (initial active 4) (2 cores per cpu, 2 threads per core) family 6 model 61 stepping 4, cmov, cx8, fxsr, mmx, sse, sse2, sse3, ssse3, sse4.1, sse4.2, popcnt, avx, avx2, aes, clmul, erms, 3dnowpref, lzcnt, ht, tsc, tscinvbit, bmi1, bmi2, adx

Memory: 4k page, physical 8296264k(1080424k free), swap 8296264k(3088k free)

vm_info: Java HotSpot(TM) 64-Bit Server VM (25.201-b09) for windows-amd64 JRE (1.8.0_201-b09), built on Dec 15 2018 18:36:39 by "java_re" with MS VC++ 10.0 (VS2010)

time: Tue Sep 17 20:49:52 2019
timezone: SE Asia Standard Time
elapsed time: 0 seconds (0d 0h 0m 0s)

